build/app/outputs/mapping/release/seeds.txt
com.example.nwes_app.MainActivity
com.example.nwes_app.MainActivity: MainActivity()
...
androidx.activity.ComponentActivity$2
io.flutter.embedding.android.FlutterSplashView$SavedState: FlutterSplashView$SavedState(android.os.Parcel)
io.flutter.embedding.android.FlutterImageView
io.flutter.embedding.engine.FlutterJNI: void dispatchSemanticsAction(int,io.flutter.view.AccessibilityBridge$Action)
io.flutter.plugin.editing.ImeSyncDeferringInsetsCallback: int access$100(io.flutter.plugin.editing.ImeSyncDeferringInsetsCallback)
io.flutter.embedding.engine.FlutterJNI: io.flutter.embedding.engine.FlutterJNI spawn(java.lang.String,java.lang.String)
io.flutter.embedding.android.FlutterSplashView$SavedState
io.flutter.embedding.android.RenderMode: io.flutter.embedding.android.RenderMode valueOf(java.lang.String)
org.chromium.support_lib_boundary.WebMessagePortBoundaryInterface: void postMessage(java.lang.reflect.InvocationHandler)
io.flutter.plugins.webviewflutter.JavaScriptChannel
androidx.core.graphics.drawable.IconCompatParcelizer: androidx.core.graphics.drawable.IconCompat read(androidx.versionedparcelable.VersionedParcel)
org.chromium.support_lib_boundary.ServiceWorkerWebSettingsBoundaryInterface: int getCacheMode()
io.flutter.plugin.editing.ImeSyncDeferringInsetsCallback$AnimationCallback: void onPrepare(android.view.WindowInsetsAnimation)
io.flutter.plugins.webviewflutter.JavaScriptChannel: void postMessage(java.lang.String)
com.google.common.util.concurrent.AbstractFuture: java.lang.Object value
io.flutter.embedding.engine.FlutterJNI: FlutterJNI()
io.flutter.embedding.engine.FlutterJNI: void nativeInvokePlatformMessageEmptyResponseCallback(long,int)
io.flutter.embedding.engine.FlutterJNI: io.flutter.embedding.engine.FlutterJNI$AsyncWaitForVsyncDelegate asyncWaitForVsyncDelegate
io.flutter.embedding.engine.FlutterJNI: void destroyOverlaySurfaces()
org.chromium.support_lib_boundary.WebSettingsBoundaryInterface: boolean getOffscreenPreRaster()
io.flutter.embedding.engine.FlutterJNI: void onBeginFrame()
io.flutter.embedding.engine.systemchannels.PlatformChannel$Brightness: io.flutter.embedding.engine.systemchannels.PlatformChannel$Brightness[] values()
org.chromium.support_lib_boundary.WebMessageBoundaryInterface: java.lang.String getData()
io.flutter.embedding.engine.mutatorsstack.FlutterMutatorView
androidx.versionedparcelable.CustomVersionedParcelable: CustomVersionedParcelable()
io.flutter.embedding.engine.FlutterJNI: void ensureNotAttachedToNative()
io.flutter.view.AccessibilityViewEmbedder: android.view.accessibility.AccessibilityNodeInfo createAccessibilityNodeInfo(int)
androidx.webkit.internal.WebViewFeatureInternal: androidx.webkit.internal.WebViewFeatureInternal valueOf(java.lang.String)
io.flutter.embedding.engine.FlutterJNI: void setAsyncWaitForVsyncDelegate(io.flutter.embedding.engine.FlutterJNI$AsyncWaitForVsyncDelegate)
io.flutter.plugin.editing.ImeSyncDeferringInsetsCallback: boolean access$300(io.flutter.plugin.editing.ImeSyncDeferringInsetsCallback)
io.flutter.embedding.engine.systemchannels.PlatformChannel$HapticFeedbackType: io.flutter.embedding.engine.systemchannels.PlatformChannel$HapticFeedbackType valueOf(java.lang.String)
io.flutter.embedding.engine.FlutterJNI: java.lang.Long nativeShellHolderId
androidx.core.graphics.drawable.IconCompat: IconCompat()
androidx.lifecycle.Lifecycle$Event: androidx.lifecycle.Lifecycle$Event ON_STOP
io.flutter.embedding.engine.FlutterJNI: void removeEngineLifecycleListener(io.flutter.embedding.engine.FlutterEngine$EngineLifecycleListener)
io.flutter.embedding.engine.FlutterJNI: long nativeAttach(io.flutter.embedding.engine.FlutterJNI,boolean)
io.flutter.embedding.engine.FlutterJNI: boolean nativeFlutterTextUtilsIsVariationSelector(int)
io.flutter.plugin.platform.SingleViewPresentation: int viewId
org.chromium.support_lib_boundary.ServiceWorkerControllerBoundaryInterface: void setServiceWorkerClient(java.lang.reflect.InvocationHandler)
org.chromium.support_lib_boundary.WebResourceErrorBoundaryInterface: java.lang.CharSequence getDescription()