build/app/outputs/mapping/release/mapping.txt
# compiler: R8
# compiler_version: 2.1.62
# min_api: 16
# pg_map_id: 2931ea1
# common_typos_disable
...
com.tekartik.sqflite.operation.MethodCallOperation$Result -> b.b.a.f.e$a:
    io.flutter.plugin.common.MethodChannel$Result result -> a
    void error(java.lang.String,java.lang.String,java.lang.Object) -> a
    void success(java.lang.Object) -> b
com.tekartik.sqflite.operation.Operation -> b.b.a.f.f:
    java.lang.Object getArgument(java.lang.String) -> c
    com.tekartik.sqflite.SqlCommand getSqlCommand() -> d
    boolean getNoResult() -> e
    java.lang.Boolean getInTransaction() -> f
com.tekartik.sqflite.operation.OperationResult -> b.b.a.f.g:
    void error(java.lang.String,java.lang.String,java.lang.Object) -> a
    void success(java.lang.Object) -> b
com.tekartik.sqflite.operation.SqlErrorInfo -> b.b.a.f.h:
    java.util.Map getMap(com.tekartik.sqflite.operation.Operation) -> a
io.flutter.FlutterInjector -> c.a.a:
    io.flutter.embedding.engine.loader.FlutterLoader flutterLoader -> a
    io.flutter.embedding.engine.deferredcomponents.DeferredComponentManager deferredComponentManager -> b
    io.flutter.FlutterInjector instance -> c
    io.flutter.embedding.engine.deferredcomponents.DeferredComponentManager deferredComponentManager() -> a
    io.flutter.embedding.engine.loader.FlutterLoader flutterLoader() -> b
    io.flutter.FlutterInjector instance() -> c
io.flutter.FlutterInjector$1 -> c.a.a$a:
io.flutter.FlutterInjector$Builder -> c.a.a$b:
    io.flutter.embedding.engine.loader.FlutterLoader flutterLoader -> a
    io.flutter.embedding.engine.deferredcomponents.DeferredComponentManager deferredComponentManager -> b
    io.flutter.FlutterInjector build() -> a
    void fillDefaults() -> b
io.flutter.Log -> c.a.b:
    void d(java.lang.String,java.lang.String) -> a
    void e(java.lang.String,java.lang.String) -> b
    void e(java.lang.String,java.lang.String,java.lang.Throwable) -> c
    void v(java.lang.String,java.lang.String) -> d
    void w(java.lang.String,java.lang.String) -> e
    void w(java.lang.String,java.lang.String,java.lang.Throwable) -> f
io.flutter.embedding.android.AndroidKeyProcessor -> io.flutter.embedding.android.a:
    io.flutter.embedding.engine.systemchannels.KeyEventChannel keyEventChannel -> a
    int combiningCharacter -> b
    io.flutter.embedding.android.AndroidKeyProcessor$EventResponder eventResponder -> c
    java.lang.Character applyCombiningCharacterToBaseCharacter(int) -> a
    void destroy() -> b
    boolean isPendingEvent(android.view.KeyEvent) -> c
    boolean onKeyEvent(android.view.KeyEvent) -> d
io.flutter.embedding.android.AndroidKeyProcessor$EventResponder -> io.flutter.embedding.android.a$a:
    java.util.Deque pendingEvents -> a
    android.view.View view -> b
    io.flutter.plugin.editing.TextInputPlugin textInputPlugin -> c
    void onKeyEventNotHandled(android.view.KeyEvent) -> a
    void onKeyEventHandled(android.view.KeyEvent) -> b
    void access$000(io.flutter.embedding.android.AndroidKeyProcessor$EventResponder,android.view.KeyEvent) -> c
    android.view.KeyEvent access$100(io.flutter.embedding.android.AndroidKeyProcessor$EventResponder,android.view.KeyEvent) -> d
    void addEvent(android.view.KeyEvent) -> e
    android.view.KeyEvent findPendingEvent(android.view.KeyEvent) -> f
    void redispatchKeyEvent(android.view.KeyEvent) -> g
    void removePendingEvent(android.view.KeyEvent) -> h