build/app/outputs/mapping/release/usage.txt
com.example.nwes_app.R$dimen
com.example.nwes_app.R$style
com.example.nwes_app.R$styleable
com.example.nwes_app.R$drawable
com.example.nwes_app.BuildConfig
com.example.nwes_app.R$integer
com.example.nwes_app.R$layout
com.example.nwes_app.R$string
com.example.nwes_app.R$attr
com.example.nwes_app.R$mipmap
com.example.nwes_app.R$id
com.example.nwes_app.R$color
com.example.nwes_app.R
...
androidx.core.util.Preconditions
com.google.common.collect.DenseImmutableTable$ColumnMap
com.google.common.collect.Multimaps$AsMap
kotlin.coroutines.experimental.SequenceBuilderKt__SequenceBuilderKt$buildSequence$$inlined$Sequence$1
com.google.common.io.Resources$1
com.google.common.collect.DenseImmutableTable$ImmutableArrayMap$1
com.google.common.graph.AbstractBaseGraph$IncidentEdgeSet$Undirected
androidx.core.widget.CompoundButtonCompat
kotlin.internal.HidesMembers
androidx.core.text.TextUtilsCompat
com.google.common.util.concurrent.ListenableFutureTask
io.flutter.embedding.engine.FlutterEngineConnectionRegistry$FlutterEngineBroadcastReceiverPluginBinding:
    void <init>(android.content.BroadcastReceiver)
    public android.content.BroadcastReceiver getBroadcastReceiver()
    private final android.content.BroadcastReceiver broadcastReceiver
androidx.core.app.NotificationCompat$Action$WearableExtender
com.google.common.collect.TreeTraverser$PreOrderIterator
com.google.common.base.internal.Finalizer
com.google.common.collect.Tables$TransformedTable$2
com.google.common.collect.AbstractMapBasedMultiset$Itr
android.support.v4.os.ResultReceiver$MyRunnable
com.google.common.collect.Platform
com.google.common.util.concurrent.AggregateFutureState$SynchronizedAtomicHelper
kotlin.collections.CollectionsKt___CollectionsJvmKt
com.google.common.collect.Maps$3
kotlin.jvm.internal.ArrayIteratorsKt
com.google.common.collect.Serialization
com.google.common.base.Joiner$3
com.google.common.collect.TreeRangeSet$ComplementRangesByLowerBound$2
com.google.common.collect.MapMakerInternalMap
kotlin.ExperimentalUnsignedTypes
kotlin.comparisons.ComparisonsKt__ComparisonsKt$thenByDescending$2
com.google.common.collect.ImmutableMultimap$2
androidx.core.text.TextDirectionHeuristicsCompat$TextDirectionHeuristicInternal
androidx.versionedparcelable.ParcelImpl:
    public void <init>(androidx.versionedparcelable.VersionedParcelable)
    public androidx.versionedparcelable.VersionedParcelable getVersionedParcel()
io.flutter.plugins.webviewflutter.R$id
com.google.common.collect.Queues
com.google.common.util.concurrent.CombinedFuture
com.google.common.collect.AbstractMapBasedMultiset$2
kotlin.contracts.SimpleEffect
com.google.common.collect.ConcurrentHashMultiset$EntrySet
io.flutter.app.FlutterActivityDelegate$1$1
kotlin.coroutines.jvm.internal.ModuleNameRetriever$Cache
com.google.common.collect.Maps$FilteredEntryNavigableMap$1
io.flutter.view.AccessibilityBridge$SemanticsNode:
    private void log(java.lang.String,boolean)
androidx.webkit.internal.WebMessagePortImpl$2
kotlin.jvm.functions.Function6
com.google.common.math.IntMath$1
com.google.common.collect.RegularImmutableMap$EntrySet
com.google.common.cache.ForwardingCache$SimpleForwardingCache
androidx.core.view.animation.PathInterpolatorApi14
kotlin.jvm.JvmPackageName
com.google.common.collect.ArrayTable$ArrayMap$2
com.google.common.hash.LittleEndianByteArray$UnsafeByteArray$2
com.tekartik.sqflite.operation.Operation:
    public abstract java.lang.String getMethod()
    public abstract boolean getContinueOnError()
com.google.common.collect.LinkedListMultimap$Node
io.flutter.embedding.engine.plugins.activity.ActivityControlSurface:
    public abstract void attachToActivity(android.app.Activity,androidx.lifecycle.Lifecycle)
org.jetbrains.annotations.PropertyKey
androidx.fragment.app.FragmentActivity
com.google.common.collect.BoundType
androidx.annotation.FractionRes
com.google.common.reflect.Parameter
com.google.common.graph.AbstractDirectedNetworkConnections$1
org.intellij.lang.annotations.JdkConstants$ListSelectionMode
io.flutter.embedding.engine.systemchannels.MouseCursorChannel:
    public void synthesizeMethodCall(io.flutter.plugin.common.MethodCall,io.flutter.plugin.common.MethodChannel$Result)
    private static final java.lang.String TAG
com.google.common.collect.ArrayTable